<?xml version="1.0" encoding="UTF-8"?>
<coverage generated="1656324942805" clover="3.2.0">
  <project timestamp="1656324942805" name="All files">
    <metrics statements="199" coveredstatements="186" conditionals="183" coveredconditionals="110" methods="38" coveredmethods="35" elements="420" coveredelements="331" complexity="0" loc="199" ncloc="199" packages="3" files="12" classes="12"/>
    <package name="src">
      <metrics statements="44" coveredstatements="37" conditionals="33" coveredconditionals="24" methods="12" coveredmethods="9"/>
      <file name="pattern.ts" path="/Users/fleetstudiotechnologies/Desktop/SVGPlayground/codes/fleetstudio-pattern-lib/src/pattern.ts">
        <metrics statements="44" coveredstatements="37" conditionals="33" coveredconditionals="24" methods="12" coveredmethods="9"/>
        <line num="1" count="1" type="stmt"/>
        <line num="3" count="1" type="stmt"/>
        <line num="4" count="1" type="stmt"/>
        <line num="5" count="1" type="stmt"/>
        <line num="23" count="1" type="stmt"/>
        <line num="27" count="1" type="stmt"/>
        <line num="43" count="1" type="stmt"/>
        <line num="50" count="9" type="stmt"/>
        <line num="51" count="9" type="cond" truecount="5" falsecount="1"/>
        <line num="52" count="9" type="cond" truecount="1" falsecount="0"/>
        <line num="53" count="9" type="stmt"/>
        <line num="54" count="9" type="stmt"/>
        <line num="56" count="9" type="stmt"/>
        <line num="59" count="1" type="stmt"/>
        <line num="60" count="9" type="stmt"/>
        <line num="61" count="9" type="stmt"/>
        <line num="70" count="1" type="stmt"/>
        <line num="71" count="9" type="cond" truecount="2" falsecount="0"/>
        <line num="74" count="1" type="stmt"/>
        <line num="81" count="9" type="stmt"/>
        <line num="86" count="9" type="stmt"/>
        <line num="89" count="1" type="stmt"/>
        <line num="90" count="18" type="stmt"/>
        <line num="91" count="18" type="stmt"/>
        <line num="92" count="18" type="stmt"/>
        <line num="94" count="18" type="stmt"/>
        <line num="102" count="1" type="stmt"/>
        <line num="103" count="18" type="stmt"/>
        <line num="113" count="18" type="stmt"/>
        <line num="116" count="1" type="stmt"/>
        <line num="117" count="9" type="stmt"/>
        <line num="120" count="1" type="stmt"/>
        <line num="121" count="9" type="stmt"/>
        <line num="124" count="1" type="stmt"/>
        <line num="125" count="0" type="stmt"/>
        <line num="131" count="0" type="cond" truecount="0" falsecount="4"/>
        <line num="134" count="0" type="stmt"/>
        <line num="138" count="0" type="stmt"/>
        <line num="141" count="0" type="stmt"/>
        <line num="144" count="1" type="stmt"/>
        <line num="145" count="0" type="stmt"/>
        <line num="148" count="1" type="stmt"/>
        <line num="149" count="0" type="stmt"/>
        <line num="151" count="1" type="stmt"/>
      </file>
    </package>
    <package name="src.libs">
      <metrics statements="83" coveredstatements="77" conditionals="19" coveredconditionals="14" methods="8" coveredmethods="8"/>
      <file name="sha1.ts" path="/Users/fleetstudiotechnologies/Desktop/SVGPlayground/codes/fleetstudio-pattern-lib/src/libs/sha1.ts">
        <metrics statements="83" coveredstatements="77" conditionals="19" coveredconditionals="14" methods="8" coveredmethods="8"/>
        <line num="30" count="9" type="stmt"/>
        <line num="31" count="9" type="stmt"/>
        <line num="32" count="9" type="stmt"/>
        <line num="33" count="9" type="stmt"/>
        <line num="34" count="9" type="stmt"/>
        <line num="36" count="9" type="stmt"/>
        <line num="37" count="9" type="stmt"/>
        <line num="38" count="9" type="stmt"/>
        <line num="39" count="9" type="stmt"/>
        <line num="44" count="9" type="stmt"/>
        <line num="45" count="576" type="stmt"/>
        <line num="46" count="576" type="stmt"/>
        <line num="52" count="9" type="stmt"/>
        <line num="53" count="9" type="stmt"/>
        <line num="54" count="9" type="stmt"/>
        <line num="55" count="9" type="stmt"/>
        <line num="56" count="9" type="stmt"/>
        <line num="60" count="9" type="stmt"/>
        <line num="61" count="720" type="cond" truecount="2" falsecount="0"/>
        <line num="62" count="180" type="stmt"/>
        <line num="63" count="180" type="stmt"/>
        <line num="64" count="540" type="cond" truecount="2" falsecount="0"/>
        <line num="65" count="180" type="stmt"/>
        <line num="66" count="180" type="stmt"/>
        <line num="67" count="360" type="cond" truecount="2" falsecount="0"/>
        <line num="68" count="180" type="stmt"/>
        <line num="69" count="180" type="stmt"/>
        <line num="71" count="180" type="stmt"/>
        <line num="72" count="180" type="stmt"/>
        <line num="74" count="720" type="stmt"/>
        <line num="75" count="720" type="stmt"/>
        <line num="76" count="720" type="stmt"/>
        <line num="77" count="720" type="stmt"/>
        <line num="78" count="720" type="stmt"/>
        <line num="79" count="720" type="stmt"/>
        <line num="83" count="9" type="stmt"/>
        <line num="84" count="9" type="stmt"/>
        <line num="85" count="9" type="stmt"/>
        <line num="86" count="9" type="stmt"/>
        <line num="87" count="9" type="stmt"/>
        <line num="90" count="9" type="stmt"/>
        <line num="91" count="9" type="stmt"/>
        <line num="92" count="144" type="stmt"/>
        <line num="97" count="198" type="stmt"/>
        <line num="98" count="198" type="cond" truecount="2" falsecount="0"/>
        <line num="99" count="153" type="stmt"/>
        <line num="101" count="45" type="stmt"/>
        <line num="102" count="45" type="stmt"/>
        <line num="105" count="198" type="cond" truecount="1" falsecount="0"/>
        <line num="106" count="9" type="stmt"/>
        <line num="111" count="9" type="stmt"/>
        <line num="112" count="9" type="stmt"/>
        <line num="113" count="9" type="stmt"/>
        <line num="114" count="117" type="stmt"/>
        <line num="120" count="9" type="cond" truecount="1" falsecount="0"/>
        <line num="121" count="9" type="stmt"/>
        <line num="123" count="0" type="stmt"/>
        <line num="124" count="0" type="stmt"/>
        <line num="125" count="0" type="stmt"/>
        <line num="126" count="0" type="stmt"/>
        <line num="131" count="45" type="stmt"/>
        <line num="132" count="45" type="stmt"/>
        <line num="133" count="360" type="stmt"/>
        <line num="135" count="45" type="stmt"/>
        <line num="141" count="9" type="stmt"/>
        <line num="142" count="9" type="cond" truecount="2" falsecount="2"/>
        <line num="143" count="0" type="stmt"/>
        <line num="145" count="9" type="stmt"/>
        <line num="146" count="9" type="stmt"/>
        <line num="149" count="9" type="stmt"/>
        <line num="150" count="9" type="stmt"/>
        <line num="151" count="9" type="cond" truecount="1" falsecount="1"/>
        <line num="152" count="9" type="cond" truecount="1" falsecount="1"/>
        <line num="153" count="9" type="stmt"/>
        <line num="154" count="36" type="stmt"/>
        <line num="158" count="9" type="stmt"/>
        <line num="161" count="9" type="stmt"/>
        <line num="165" count="1" type="stmt"/>
        <line num="166" count="9" type="cond" truecount="0" falsecount="1"/>
        <line num="167" count="0" type="stmt"/>
        <line num="169" count="9" type="stmt"/>
        <line num="170" count="9" type="stmt"/>
        <line num="171" count="9" type="stmt"/>
      </file>
    </package>
    <package name="src.patterns">
      <metrics statements="72" coveredstatements="72" conditionals="131" coveredconditionals="72" methods="18" coveredmethods="18"/>
      <file name="dashed.ts" path="/Users/fleetstudiotechnologies/Desktop/SVGPlayground/codes/fleetstudio-pattern-lib/src/patterns/dashed.ts">
        <metrics statements="6" coveredstatements="6" conditionals="15" coveredconditionals="8" methods="1" coveredmethods="1"/>
        <line num="3" count="1" type="stmt"/>
        <line num="4" count="10" type="cond" truecount="1" falsecount="1"/>
        <line num="5" count="10" type="cond" truecount="1" falsecount="1"/>
        <line num="6" count="10" type="cond" truecount="1" falsecount="1"/>
        <line num="7" count="10" type="cond" truecount="1" falsecount="1"/>
        <line num="9" count="10" type="stmt"/>
      </file>
      <file name="dashedPlus.ts" path="/Users/fleetstudiotechnologies/Desktop/SVGPlayground/codes/fleetstudio-pattern-lib/src/patterns/dashedPlus.ts">
        <metrics statements="6" coveredstatements="6" conditionals="17" coveredconditionals="10" methods="1" coveredmethods="1"/>
        <line num="4" count="1" type="stmt"/>
        <line num="5" count="1" type="cond" truecount="1" falsecount="1"/>
        <line num="6" count="1" type="cond" truecount="1" falsecount="1"/>
        <line num="7" count="1" type="cond" truecount="1" falsecount="1"/>
        <line num="8" count="1" type="cond" truecount="1" falsecount="1"/>
        <line num="10" count="1" type="stmt"/>
      </file>
      <file name="dashes.ts" path="/Users/fleetstudiotechnologies/Desktop/SVGPlayground/codes/fleetstudio-pattern-lib/src/patterns/dashes.ts">
        <metrics statements="6" coveredstatements="6" conditionals="10" coveredconditionals="5" methods="1" coveredmethods="1"/>
        <line num="3" count="1" type="stmt"/>
        <line num="4" count="1" type="cond" truecount="1" falsecount="1"/>
        <line num="5" count="1" type="cond" truecount="1" falsecount="1"/>
        <line num="6" count="1" type="cond" truecount="1" falsecount="1"/>
        <line num="7" count="1" type="cond" truecount="1" falsecount="1"/>
        <line num="9" count="1" type="stmt"/>
      </file>
      <file name="dotted.ts" path="/Users/fleetstudiotechnologies/Desktop/SVGPlayground/codes/fleetstudio-pattern-lib/src/patterns/dotted.ts">
        <metrics statements="6" coveredstatements="6" conditionals="14" coveredconditionals="8" methods="1" coveredmethods="1"/>
        <line num="3" count="1" type="stmt"/>
        <line num="4" count="1" type="cond" truecount="1" falsecount="1"/>
        <line num="5" count="1" type="cond" truecount="1" falsecount="1"/>
        <line num="6" count="1" type="cond" truecount="1" falsecount="1"/>
        <line num="7" count="1" type="cond" truecount="1" falsecount="1"/>
        <line num="9" count="1" type="stmt"/>
      </file>
      <file name="index.ts" path="/Users/fleetstudiotechnologies/Desktop/SVGPlayground/codes/fleetstudio-pattern-lib/src/patterns/index.ts">
        <metrics statements="18" coveredstatements="18" conditionals="0" coveredconditionals="0" methods="9" coveredmethods="9"/>
        <line num="1" count="1" type="stmt"/>
        <line num="2" count="1" type="stmt"/>
        <line num="3" count="1" type="stmt"/>
        <line num="4" count="1" type="stmt"/>
        <line num="5" count="1" type="stmt"/>
        <line num="6" count="1" type="stmt"/>
        <line num="7" count="1" type="stmt"/>
        <line num="8" count="1" type="stmt"/>
        <line num="9" count="1" type="stmt"/>
        <line num="12" count="3" type="stmt"/>
        <line num="13" count="3" type="stmt"/>
        <line num="14" count="3" type="stmt"/>
        <line num="15" count="3" type="stmt"/>
        <line num="16" count="3" type="stmt"/>
        <line num="17" count="3" type="stmt"/>
        <line num="18" count="3" type="stmt"/>
        <line num="19" count="3" type="stmt"/>
        <line num="20" count="3" type="stmt"/>
      </file>
      <file name="lines.ts" path="/Users/fleetstudiotechnologies/Desktop/SVGPlayground/codes/fleetstudio-pattern-lib/src/patterns/lines.ts">
        <metrics statements="6" coveredstatements="6" conditionals="24" coveredconditionals="15" methods="1" coveredmethods="1"/>
        <line num="3" count="1" type="stmt"/>
        <line num="4" count="1" type="cond" truecount="1" falsecount="1"/>
        <line num="5" count="1" type="cond" truecount="1" falsecount="1"/>
        <line num="6" count="1" type="cond" truecount="1" falsecount="1"/>
        <line num="7" count="1" type="cond" truecount="1" falsecount="1"/>
        <line num="9" count="1" type="stmt"/>
      </file>
      <file name="sea.ts" path="/Users/fleetstudiotechnologies/Desktop/SVGPlayground/codes/fleetstudio-pattern-lib/src/patterns/sea.ts">
        <metrics statements="6" coveredstatements="6" conditionals="12" coveredconditionals="6" methods="1" coveredmethods="1"/>
        <line num="3" count="1" type="stmt"/>
        <line num="4" count="1" type="cond" truecount="1" falsecount="1"/>
        <line num="5" count="1" type="cond" truecount="1" falsecount="1"/>
        <line num="6" count="1" type="cond" truecount="1" falsecount="1"/>
        <line num="7" count="1" type="cond" truecount="1" falsecount="1"/>
        <line num="9" count="1" type="stmt"/>
      </file>
      <file name="signWaves.ts" path="/Users/fleetstudiotechnologies/Desktop/SVGPlayground/codes/fleetstudio-pattern-lib/src/patterns/signWaves.ts">
        <metrics statements="6" coveredstatements="6" conditionals="12" coveredconditionals="6" methods="1" coveredmethods="1"/>
        <line num="3" count="1" type="stmt"/>
        <line num="4" count="1" type="cond" truecount="1" falsecount="1"/>
        <line num="5" count="1" type="cond" truecount="1" falsecount="1"/>
        <line num="6" count="1" type="cond" truecount="1" falsecount="1"/>
        <line num="7" count="1" type="cond" truecount="1" falsecount="1"/>
        <line num="9" count="1" type="stmt"/>
      </file>
      <file name="threeLines.ts" path="/Users/fleetstudiotechnologies/Desktop/SVGPlayground/codes/fleetstudio-pattern-lib/src/patterns/threeLines.ts">
        <metrics statements="6" coveredstatements="6" conditionals="15" coveredconditionals="8" methods="1" coveredmethods="1"/>
        <line num="3" count="1" type="stmt"/>
        <line num="4" count="1" type="cond" truecount="1" falsecount="1"/>
        <line num="5" count="1" type="cond" truecount="1" falsecount="1"/>
        <line num="6" count="1" type="cond" truecount="1" falsecount="1"/>
        <line num="7" count="1" type="cond" truecount="1" falsecount="1"/>
        <line num="9" count="1" type="stmt"/>
      </file>
      <file name="zigzag.ts" path="/Users/fleetstudiotechnologies/Desktop/SVGPlayground/codes/fleetstudio-pattern-lib/src/patterns/zigzag.ts">
        <metrics statements="6" coveredstatements="6" conditionals="12" coveredconditionals="6" methods="1" coveredmethods="1"/>
        <line num="3" count="1" type="stmt"/>
        <line num="4" count="1" type="cond" truecount="1" falsecount="1"/>
        <line num="5" count="1" type="cond" truecount="1" falsecount="1"/>
        <line num="6" count="1" type="cond" truecount="1" falsecount="1"/>
        <line num="7" count="1" type="cond" truecount="1" falsecount="1"/>
        <line num="9" count="1" type="stmt"/>
      </file>
    </package>
  </project>
</coverage>
