{"/Users/fleetstudiotechnologies/Desktop/SVGPlayground/codes/fleetstudio-pattern-lib/src/pattern.ts": {"path":"/Users/fleetstudiotechnologies/Desktop/SVGPlayground/codes/fleetstudio-pattern-lib/src/pattern.ts","statementMap":{"0":{"start":{"line":1,"column":0},"end":{"line":1,"column":15}},"1":{"start":{"line":3,"column":0},"end":{"line":3,"column":35}},"2":{"start":{"line":4,"column":0},"end":{"line":4,"column":35}},"3":{"start":{"line":5,"column":0},"end":{"line":5,"column":null}},"4":{"start":{"line":23,"column":17},"end":{"line":25,"column":2}},"5":{"start":{"line":27,"column":17},"end":{"line":37,"column":2}},"6":{"start":{"line":43,"column":0},"end":{"line":43,"column":13}},"7":{"start":{"line":50,"column":4},"end":{"line":50,"column":46}},"8":{"start":{"line":51,"column":4},"end":{"line":51,"column":55}},"9":{"start":{"line":52,"column":4},"end":{"line":55,"column":null}},"10":{"start":{"line":53,"column":6},"end":{"line":53,"column":39}},"11":{"start":{"line":54,"column":6},"end":{"line":54,"column":29}},"12":{"start":{"line":56,"column":4},"end":{"line":56,"column":16}},"13":{"start":{"line":59,"column":2},"end":{"line":62,"column":null}},"14":{"start":{"line":60,"column":4},"end":{"line":60,"column":27}},"15":{"start":{"line":61,"column":4},"end":{"line":61,"column":16}},"16":{"start":{"line":70,"column":10},"end":{"line":72,"column":null}},"17":{"start":{"line":71,"column":4},"end":{"line":71,"column":57}},"18":{"start":{"line":74,"column":2},"end":{"line":87,"column":null}},"19":{"start":{"line":81,"column":6},"end":{"line":83,"column":null}},"20":{"start":{"line":86,"column":4},"end":{"line":86,"column":19}},"21":{"start":{"line":89,"column":10},"end":{"line":100,"column":null}},"22":{"start":{"line":90,"column":9},"end":{"line":90,"column":null}},"23":{"start":{"line":91,"column":10},"end":{"line":91,"column":null}},"24":{"start":{"line":92,"column":11},"end":{"line":92,"column":null}},"25":{"start":{"line":94,"column":4},"end":{"line":99,"column":12}},"26":{"start":{"line":102,"column":2},"end":{"line":114,"column":null}},"27":{"start":{"line":103,"column":4},"end":{"line":112,"column":7}},"28":{"start":{"line":113,"column":4},"end":{"line":113,"column":16}},"29":{"start":{"line":116,"column":2},"end":{"line":118,"column":null}},"30":{"start":{"line":117,"column":4},"end":{"line":117,"column":31}},"31":{"start":{"line":120,"column":2},"end":{"line":122,"column":null}},"32":{"start":{"line":121,"column":4},"end":{"line":121,"column":24}},"33":{"start":{"line":124,"column":2},"end":{"line":142,"column":null}},"34":{"start":{"line":125,"column":16},"end":{"line":125,"column":28}},"35":{"start":{"line":131,"column":4},"end":{"line":139,"column":null}},"36":{"start":{"line":134,"column":6},"end":{"line":134,"column":29}},"37":{"start":{"line":138,"column":6},"end":{"line":138,"column":52}},"38":{"start":{"line":141,"column":4},"end":{"line":141,"column":15}},"39":{"start":{"line":144,"column":2},"end":{"line":146,"column":null}},"40":{"start":{"line":145,"column":4},"end":{"line":145,"column":58}},"41":{"start":{"line":148,"column":2},"end":{"line":150,"column":null}},"42":{"start":{"line":149,"column":4},"end":{"line":149,"column":45}},"43":{"start":{"line":151,"column":0},"end":{"line":151,"column":null}},"44":{"start":{"line":43,"column":13},"end":{"line":43,"column":20}}},"fnMap":{"0":{"name":"(anonymous_1)","decl":{"start":{"line":43,"column":0},"end":{"line":43,"column":13}},"loc":{"start":{"line":43,"column":0},"end":{"line":151,"column":null}}},"1":{"name":"Pattern","decl":{"start":{"line":49,"column":2},"end":{"line":49,"column":14}},"loc":{"start":{"line":49,"column":72},"end":{"line":57,"column":3}}},"2":{"name":"(anonymous_3)","decl":{"start":{"line":59,"column":2},"end":{"line":59,"column":12}},"loc":{"start":{"line":59,"column":33},"end":{"line":62,"column":3}}},"3":{"name":"(anonymous_4)","decl":{"start":{"line":70,"column":2},"end":{"line":70,"column":10}},"loc":{"start":{"line":70,"column":59},"end":{"line":72,"column":3}}},"4":{"name":"(anonymous_5)","decl":{"start":{"line":74,"column":2},"end":{"line":74,"column":12}},"loc":{"start":{"line":74,"column":2},"end":{"line":87,"column":3}}},"5":{"name":"(anonymous_6)","decl":{"start":{"line":89,"column":2},"end":{"line":89,"column":10}},"loc":{"start":{"line":93,"column":38},"end":{"line":100,"column":3}}},"6":{"name":"(anonymous_7)","decl":{"start":{"line":102,"column":2},"end":{"line":102,"column":17}},"loc":{"start":{"line":102,"column":2},"end":{"line":114,"column":3}}},"7":{"name":"(anonymous_8)","decl":{"start":{"line":116,"column":2},"end":{"line":116,"column":7}},"loc":{"start":{"line":116,"column":2},"end":{"line":118,"column":3}}},"8":{"name":"(anonymous_9)","decl":{"start":{"line":120,"column":2},"end":{"line":120,"column":10}},"loc":{"start":{"line":120,"column":2},"end":{"line":122,"column":3}}},"9":{"name":"(anonymous_10)","decl":{"start":{"line":124,"column":2},"end":{"line":124,"column":10}},"loc":{"start":{"line":124,"column":2},"end":{"line":142,"column":3}}},"10":{"name":"(anonymous_11)","decl":{"start":{"line":144,"column":2},"end":{"line":144,"column":11}},"loc":{"start":{"line":144,"column":2},"end":{"line":146,"column":3}}},"11":{"name":"(anonymous_12)","decl":{"start":{"line":148,"column":2},"end":{"line":148,"column":11}},"loc":{"start":{"line":148,"column":2},"end":{"line":150,"column":3}}}},"branchMap":{"0":{"loc":{"start":{"line":51,"column":16},"end":{"line":51,"column":54}},"type":"binary-expr","locations":[{"start":{"line":51,"column":16},"end":{"line":51,"column":29}},{"start":{"line":51,"column":34},"end":{"line":51,"column":54}}]},"1":{"loc":{"start":{"line":51,"column":16},"end":{"line":51,"column":29}},"type":"cond-expr","locations":[{"start":{"line":51,"column":23},"end":{"line":51,"column":25}},{"start":{"line":51,"column":16},"end":{"line":51,"column":29}}]},"2":{"loc":{"start":{"line":51,"column":16},"end":{"line":51,"column":25}},"type":"binary-expr","locations":[{"start":{"line":51,"column":16},"end":{"line":51,"column":25}},{"start":{"line":51,"column":16},"end":{"line":51,"column":25}}]},"3":{"loc":{"start":{"line":52,"column":4},"end":{"line":55,"column":null}},"type":"if","locations":[{"start":{"line":52,"column":4},"end":{"line":55,"column":null}}]},"4":{"loc":{"start":{"line":71,"column":42},"end":{"line":71,"column":50}},"type":"binary-expr","locations":[{"start":{"line":71,"column":42},"end":{"line":71,"column":45}},{"start":{"line":71,"column":49},"end":{"line":71,"column":50}}]},"5":{"loc":{"start":{"line":104,"column":13},"end":{"line":104,"column":37}},"type":"binary-expr","locations":[{"start":{"line":104,"column":13},"end":{"line":104,"column":28}},{"start":{"line":104,"column":32},"end":{"line":104,"column":37}}]},"6":{"loc":{"start":{"line":105,"column":14},"end":{"line":105,"column":39}},"type":"binary-expr","locations":[{"start":{"line":105,"column":14},"end":{"line":105,"column":30}},{"start":{"line":105,"column":34},"end":{"line":105,"column":39}}]},"7":{"loc":{"start":{"line":107,"column":25},"end":{"line":107,"column":51}},"type":"cond-expr","locations":[{"start":{"line":107,"column":34},"end":{"line":107,"column":36}},{"start":{"line":107,"column":34},"end":{"line":107,"column":51}}]},"8":{"loc":{"start":{"line":107,"column":25},"end":{"line":107,"column":36}},"type":"binary-expr","locations":[{"start":{"line":107,"column":25},"end":{"line":107,"column":36}},{"start":{"line":107,"column":34},"end":{"line":107,"column":36}}]},"9":{"loc":{"start":{"line":108,"column":22},"end":{"line":108,"column":45}},"type":"cond-expr","locations":[{"start":{"line":108,"column":31},"end":{"line":108,"column":33}},{"start":{"line":108,"column":31},"end":{"line":108,"column":45}}]},"10":{"loc":{"start":{"line":108,"column":22},"end":{"line":108,"column":33}},"type":"binary-expr","locations":[{"start":{"line":108,"column":22},"end":{"line":108,"column":33}},{"start":{"line":108,"column":31},"end":{"line":108,"column":33}}]},"11":{"loc":{"start":{"line":109,"column":15},"end":{"line":109,"column":31}},"type":"cond-expr","locations":[{"start":{"line":109,"column":24},"end":{"line":109,"column":26}},{"start":{"line":109,"column":24},"end":{"line":109,"column":31}}]},"12":{"loc":{"start":{"line":109,"column":15},"end":{"line":109,"column":26}},"type":"binary-expr","locations":[{"start":{"line":109,"column":15},"end":{"line":109,"column":26}},{"start":{"line":109,"column":24},"end":{"line":109,"column":26}}]},"13":{"loc":{"start":{"line":110,"column":16},"end":{"line":110,"column":33}},"type":"cond-expr","locations":[{"start":{"line":110,"column":25},"end":{"line":110,"column":27}},{"start":{"line":110,"column":25},"end":{"line":110,"column":33}}]},"14":{"loc":{"start":{"line":110,"column":16},"end":{"line":110,"column":27}},"type":"binary-expr","locations":[{"start":{"line":110,"column":16},"end":{"line":110,"column":27}},{"start":{"line":110,"column":25},"end":{"line":110,"column":27}}]},"15":{"loc":{"start":{"line":131,"column":4},"end":{"line":139,"column":null}},"type":"if","locations":[{"start":{"line":131,"column":4},"end":{"line":139,"column":null}},{"start":{"line":135,"column":11},"end":{"line":139,"column":null}}]},"16":{"loc":{"start":{"line":131,"column":8},"end":{"line":131,"column":74}},"type":"binary-expr","locations":[{"start":{"line":131,"column":8},"end":{"line":131,"column":37}},{"start":{"line":131,"column":41},"end":{"line":131,"column":74}}]}},"s":{"0":1,"1":1,"2":1,"3":1,"4":1,"5":1,"6":1,"7":9,"8":9,"9":9,"10":9,"11":9,"12":9,"13":1,"14":9,"15":9,"16":1,"17":9,"18":1,"19":9,"20":9,"21":1,"22":18,"23":18,"24":18,"25":18,"26":1,"27":18,"28":18,"29":1,"30":9,"31":1,"32":9,"33":1,"34":0,"35":0,"36":0,"37":0,"38":0,"39":1,"40":0,"41":1,"42":0,"43":1,"44":1},"f":{"0":1,"1":9,"2":9,"3":9,"4":9,"5":18,"6":18,"7":9,"8":9,"9":0,"10":0,"11":0},"b":{"0":[9,9],"1":[0,9],"2":[9,9],"3":[9],"4":[9,9],"5":[18,18],"6":[18,18],"7":[0,18],"8":[18,18],"9":[0,18],"10":[18,18],"11":[0,18],"12":[18,18],"13":[0,18],"14":[18,18],"15":[0,0],"16":[0,0]}}
,"/Users/fleetstudiotechnologies/Desktop/SVGPlayground/codes/fleetstudio-pattern-lib/src/libs/sha1.ts": {"path":"/Users/fleetstudiotechnologies/Desktop/SVGPlayground/codes/fleetstudio-pattern-lib/src/libs/sha1.ts","statementMap":{"0":{"start":{"line":30,"column":11},"end":{"line":30,"column":21}},"1":{"start":{"line":31,"column":11},"end":{"line":31,"column":21}},"2":{"start":{"line":32,"column":11},"end":{"line":32,"column":21}},"3":{"start":{"line":33,"column":11},"end":{"line":33,"column":21}},"4":{"start":{"line":34,"column":11},"end":{"line":34,"column":21}},"5":{"start":{"line":36,"column":29},"end":{"line":36,"column":48}},"6":{"start":{"line":37,"column":15},"end":{"line":37,"column":16}},"7":{"start":{"line":38,"column":14},"end":{"line":38,"column":16}},"8":{"start":{"line":39,"column":20},"end":{"line":39,"column":21}},"9":{"start":{"line":44,"column":4},"end":{"line":47,"column":null}},"10":{"start":{"line":44,"column":17},"end":{"line":44,"column":19}},"11":{"start":{"line":45,"column":16},"end":{"line":45,"column":75}},"12":{"start":{"line":46,"column":6},"end":{"line":46,"column":39}},"13":{"start":{"line":52,"column":12},"end":{"line":52,"column":14}},"14":{"start":{"line":53,"column":12},"end":{"line":53,"column":14}},"15":{"start":{"line":54,"column":12},"end":{"line":54,"column":14}},"16":{"start":{"line":55,"column":12},"end":{"line":55,"column":14}},"17":{"start":{"line":56,"column":12},"end":{"line":56,"column":14}},"18":{"start":{"line":60,"column":4},"end":{"line":80,"column":null}},"19":{"start":{"line":60,"column":17},"end":{"line":60,"column":18}},"20":{"start":{"line":61,"column":6},"end":{"line":73,"column":null}},"21":{"start":{"line":62,"column":8},"end":{"line":62,"column":30}},"22":{"start":{"line":63,"column":8},"end":{"line":63,"column":23}},"23":{"start":{"line":64,"column":13},"end":{"line":73,"column":null}},"24":{"start":{"line":65,"column":8},"end":{"line":65,"column":22}},"25":{"start":{"line":66,"column":8},"end":{"line":66,"column":23}},"26":{"start":{"line":67,"column":13},"end":{"line":73,"column":null}},"27":{"start":{"line":68,"column":8},"end":{"line":68,"column":36}},"28":{"start":{"line":69,"column":8},"end":{"line":69,"column":23}},"29":{"start":{"line":71,"column":8},"end":{"line":71,"column":22}},"30":{"start":{"line":72,"column":8},"end":{"line":72,"column":23}},"31":{"start":{"line":74,"column":19},"end":{"line":74,"column":71}},"32":{"start":{"line":75,"column":6},"end":{"line":75,"column":12}},"33":{"start":{"line":76,"column":6},"end":{"line":76,"column":12}},"34":{"start":{"line":77,"column":6},"end":{"line":77,"column":32}},"35":{"start":{"line":78,"column":6},"end":{"line":78,"column":12}},"36":{"start":{"line":79,"column":6},"end":{"line":79,"column":15}},"37":{"start":{"line":83,"column":4},"end":{"line":83,"column":22}},"38":{"start":{"line":84,"column":4},"end":{"line":84,"column":22}},"39":{"start":{"line":85,"column":4},"end":{"line":85,"column":22}},"40":{"start":{"line":86,"column":4},"end":{"line":86,"column":22}},"41":{"start":{"line":87,"column":4},"end":{"line":87,"column":22}},"42":{"start":{"line":90,"column":4},"end":{"line":90,"column":15}},"43":{"start":{"line":91,"column":4},"end":{"line":93,"column":null}},"44":{"start":{"line":91,"column":17},"end":{"line":91,"column":18}},"45":{"start":{"line":92,"column":6},"end":{"line":92,"column":19}},"46":{"start":{"line":97,"column":4},"end":{"line":97,"column":44}},"47":{"start":{"line":98,"column":4},"end":{"line":103,"column":null}},"48":{"start":{"line":99,"column":6},"end":{"line":99,"column":17}},"49":{"start":{"line":101,"column":6},"end":{"line":101,"column":15}},"50":{"start":{"line":102,"column":6},"end":{"line":102,"column":17}},"51":{"start":{"line":105,"column":4},"end":{"line":107,"column":null}},"52":{"start":{"line":106,"column":6},"end":{"line":106,"column":21}},"53":{"start":{"line":111,"column":19},"end":{"line":111,"column":32}},"54":{"start":{"line":112,"column":4},"end":{"line":112,"column":30}},"55":{"start":{"line":113,"column":4},"end":{"line":115,"column":null}},"56":{"start":{"line":113,"column":17},"end":{"line":113,"column":18}},"57":{"start":{"line":114,"column":6},"end":{"line":114,"column":34}},"58":{"start":{"line":120,"column":4},"end":{"line":122,"column":null}},"59":{"start":{"line":121,"column":6},"end":{"line":121,"column":33}},"60":{"start":{"line":123,"column":19},"end":{"line":123,"column":31}},"61":{"start":{"line":124,"column":4},"end":{"line":124,"column":30}},"62":{"start":{"line":125,"column":4},"end":{"line":127,"column":null}},"63":{"start":{"line":125,"column":17},"end":{"line":125,"column":18}},"64":{"start":{"line":126,"column":6},"end":{"line":126,"column":22}},"65":{"start":{"line":131,"column":14},"end":{"line":131,"column":16}},"66":{"start":{"line":132,"column":4},"end":{"line":134,"column":null}},"67":{"start":{"line":132,"column":17},"end":{"line":132,"column":19}},"68":{"start":{"line":133,"column":6},"end":{"line":133,"column":46}},"69":{"start":{"line":135,"column":4},"end":{"line":135,"column":15}},"70":{"start":{"line":141,"column":4},"end":{"line":141,"column":16}},"71":{"start":{"line":142,"column":4},"end":{"line":144,"column":null}},"72":{"start":{"line":143,"column":6},"end":{"line":143,"column":21}},"73":{"start":{"line":145,"column":4},"end":{"line":145,"column":16}},"74":{"start":{"line":146,"column":4},"end":{"line":146,"column":15}},"75":{"start":{"line":149,"column":4},"end":{"line":149,"column":16}},"76":{"start":{"line":150,"column":4},"end":{"line":150,"column":16}},"77":{"start":{"line":151,"column":4},"end":{"line":151,"column":75}},"78":{"start":{"line":152,"column":4},"end":{"line":152,"column":71}},"79":{"start":{"line":153,"column":4},"end":{"line":155,"column":null}},"80":{"start":{"line":153,"column":17},"end":{"line":153,"column":19}},"81":{"start":{"line":154,"column":6},"end":{"line":154,"column":30}},"82":{"start":{"line":158,"column":4},"end":{"line":158,"column":69}},"83":{"start":{"line":161,"column":2},"end":{"line":161,"column":44}},"84":{"start":{"line":166,"column":2},"end":{"line":168,"column":null}},"85":{"start":{"line":167,"column":4},"end":{"line":167,"column":20}},"86":{"start":{"line":169,"column":17},"end":{"line":169,"column":25}},"87":{"start":{"line":170,"column":2},"end":{"line":170,"column":24}},"88":{"start":{"line":171,"column":2},"end":{"line":171,"column":25}},"89":{"start":{"line":165,"column":0},"end":{"line":165,"column":16}}},"fnMap":{"0":{"name":"create","decl":{"start":{"line":29,"column":9},"end":{"line":29,"column":15}},"loc":{"start":{"line":29,"column":15},"end":{"line":162,"column":1}}},"1":{"name":"processBlock","decl":{"start":{"line":42,"column":11},"end":{"line":42,"column":23}},"loc":{"start":{"line":42,"column":23},"end":{"line":94,"column":3}}},"2":{"name":"write","decl":{"start":{"line":96,"column":11},"end":{"line":96,"column":16}},"loc":{"start":{"line":96,"column":21},"end":{"line":108,"column":3}}},"3":{"name":"updateString","decl":{"start":{"line":110,"column":11},"end":{"line":110,"column":23}},"loc":{"start":{"line":110,"column":30},"end":{"line":116,"column":3}}},"4":{"name":"update","decl":{"start":{"line":119,"column":11},"end":{"line":119,"column":17}},"loc":{"start":{"line":119,"column":23},"end":{"line":128,"column":3}}},"5":{"name":"toHex","decl":{"start":{"line":130,"column":11},"end":{"line":130,"column":16}},"loc":{"start":{"line":130,"column":21},"end":{"line":136,"column":3}}},"6":{"name":"digest","decl":{"start":{"line":139,"column":11},"end":{"line":139,"column":17}},"loc":{"start":{"line":139,"column":17},"end":{"line":159,"column":3}}},"7":{"name":"sha1","decl":{"start":{"line":165,"column":16},"end":{"line":165,"column":20}},"loc":{"start":{"line":165,"column":27},"end":{"line":172,"column":1}}}},"branchMap":{"0":{"loc":{"start":{"line":61,"column":6},"end":{"line":73,"column":null}},"type":"if","locations":[{"start":{"line":61,"column":6},"end":{"line":73,"column":null}},{"start":{"line":64,"column":13},"end":{"line":73,"column":null}}]},"1":{"loc":{"start":{"line":64,"column":13},"end":{"line":73,"column":null}},"type":"if","locations":[{"start":{"line":64,"column":13},"end":{"line":73,"column":null}},{"start":{"line":67,"column":13},"end":{"line":73,"column":null}}]},"2":{"loc":{"start":{"line":67,"column":13},"end":{"line":73,"column":null}},"type":"if","locations":[{"start":{"line":67,"column":13},"end":{"line":73,"column":null}},{"start":{"line":70,"column":13},"end":{"line":73,"column":null}}]},"3":{"loc":{"start":{"line":98,"column":4},"end":{"line":103,"column":null}},"type":"if","locations":[{"start":{"line":98,"column":4},"end":{"line":103,"column":null}},{"start":{"line":100,"column":11},"end":{"line":103,"column":null}}]},"4":{"loc":{"start":{"line":105,"column":4},"end":{"line":107,"column":null}},"type":"if","locations":[{"start":{"line":105,"column":4},"end":{"line":107,"column":null}}]},"5":{"loc":{"start":{"line":120,"column":4},"end":{"line":122,"column":null}},"type":"if","locations":[{"start":{"line":120,"column":4},"end":{"line":122,"column":null}}]},"6":{"loc":{"start":{"line":142,"column":4},"end":{"line":144,"column":null}},"type":"if","locations":[{"start":{"line":142,"column":4},"end":{"line":144,"column":null}}]},"7":{"loc":{"start":{"line":142,"column":8},"end":{"line":142,"column":52}},"type":"binary-expr","locations":[{"start":{"line":142,"column":8},"end":{"line":142,"column":19}},{"start":{"line":142,"column":24},"end":{"line":142,"column":37}},{"start":{"line":142,"column":41},"end":{"line":142,"column":51}}]},"8":{"loc":{"start":{"line":151,"column":10},"end":{"line":151,"column":73}},"type":"cond-expr","locations":[{"start":{"line":151,"column":39},"end":{"line":151,"column":66}},{"start":{"line":151,"column":69},"end":{"line":151,"column":73}}]},"9":{"loc":{"start":{"line":152,"column":10},"end":{"line":152,"column":69}},"type":"cond-expr","locations":[{"start":{"line":152,"column":37},"end":{"line":152,"column":62}},{"start":{"line":152,"column":65},"end":{"line":152,"column":69}}]},"10":{"loc":{"start":{"line":166,"column":2},"end":{"line":168,"column":null}},"type":"if","locations":[{"start":{"line":166,"column":2},"end":{"line":168,"column":null}}]}},"s":{"0":9,"1":9,"2":9,"3":9,"4":9,"5":9,"6":9,"7":9,"8":9,"9":9,"10":9,"11":576,"12":576,"13":9,"14":9,"15":9,"16":9,"17":9,"18":9,"19":9,"20":720,"21":180,"22":180,"23":540,"24":180,"25":180,"26":360,"27":180,"28":180,"29":180,"30":180,"31":720,"32":720,"33":720,"34":720,"35":720,"36":720,"37":9,"38":9,"39":9,"40":9,"41":9,"42":9,"43":9,"44":9,"45":144,"46":198,"47":198,"48":153,"49":45,"50":45,"51":198,"52":9,"53":9,"54":9,"55":9,"56":9,"57":117,"58":9,"59":9,"60":0,"61":0,"62":0,"63":0,"64":0,"65":45,"66":45,"67":45,"68":360,"69":45,"70":9,"71":9,"72":0,"73":9,"74":9,"75":9,"76":9,"77":9,"78":9,"79":9,"80":9,"81":36,"82":9,"83":9,"84":9,"85":0,"86":9,"87":9,"88":9,"89":1},"f":{"0":9,"1":9,"2":198,"3":9,"4":9,"5":45,"6":9,"7":9},"b":{"0":[180,540],"1":[180,360],"2":[180,180],"3":[153,45],"4":[9],"5":[9],"6":[0],"7":[9,9,0],"8":[0,9],"9":[0,9],"10":[0]}}
,"/Users/fleetstudiotechnologies/Desktop/SVGPlayground/codes/fleetstudio-pattern-lib/src/patterns/dashed.ts": {"path":"/Users/fleetstudiotechnologies/Desktop/SVGPlayground/codes/fleetstudio-pattern-lib/src/patterns/dashed.ts","statementMap":{"0":{"start":{"line":3,"column":22},"end":{"line":25,"column":1}},"1":{"start":{"line":4,"column":2},"end":{"line":4,"column":17}},"2":{"start":{"line":4,"column":17},"end":{"line":4,"column":null}},"3":{"start":{"line":5,"column":2},"end":{"line":5,"column":14}},"4":{"start":{"line":5,"column":14},"end":{"line":5,"column":null}},"5":{"start":{"line":6,"column":2},"end":{"line":6,"column":7}},"6":{"start":{"line":6,"column":7},"end":{"line":6,"column":null}},"7":{"start":{"line":7,"column":2},"end":{"line":7,"column":8}},"8":{"start":{"line":7,"column":8},"end":{"line":7,"column":null}},"9":{"start":{"line":9,"column":2},"end":{"line":24,"column":14}},"10":{"start":{"line":3,"column":13},"end":{"line":3,"column":22}}},"fnMap":{"0":{"name":"(anonymous_0)","decl":{"start":{"line":3,"column":22},"end":{"line":3,"column":23}},"loc":{"start":{"line":8,"column":35},"end":{"line":25,"column":1}}}},"branchMap":{"0":{"loc":{"start":{"line":4,"column":17},"end":{"line":4,"column":null}},"type":"cond-expr","locations":[{"start":{"line":4,"column":20},"end":{"line":4,"column":44}},{"start":{"line":4,"column":44},"end":{"line":4,"column":null}}]},"1":{"loc":{"start":{"line":5,"column":14},"end":{"line":5,"column":null}},"type":"cond-expr","locations":[{"start":{"line":5,"column":17},"end":{"line":5,"column":42}},{"start":{"line":5,"column":42},"end":{"line":5,"column":null}}]},"2":{"loc":{"start":{"line":6,"column":7},"end":{"line":6,"column":null}},"type":"cond-expr","locations":[{"start":{"line":6,"column":10},"end":{"line":6,"column":13}},{"start":{"line":6,"column":13},"end":{"line":6,"column":null}}]},"3":{"loc":{"start":{"line":7,"column":8},"end":{"line":7,"column":null}},"type":"cond-expr","locations":[{"start":{"line":7,"column":11},"end":{"line":7,"column":14}},{"start":{"line":7,"column":14},"end":{"line":7,"column":null}}]},"4":{"loc":{"start":{"line":16,"column":6},"end":{"line":16,"column":49}},"type":"binary-expr","locations":[{"start":{"line":16,"column":6},"end":{"line":16,"column":21}},{"start":{"line":16,"column":25},"end":{"line":16,"column":49}}]},"5":{"loc":{"start":{"line":19,"column":6},"end":{"line":19,"column":48}},"type":"binary-expr","locations":[{"start":{"line":19,"column":6},"end":{"line":19,"column":21}},{"start":{"line":19,"column":25},"end":{"line":19,"column":48}}]},"6":{"loc":{"start":{"line":22,"column":6},"end":{"line":22,"column":67}},"type":"binary-expr","locations":[{"start":{"line":22,"column":6},"end":{"line":22,"column":21}},{"start":{"line":22,"column":25},"end":{"line":22,"column":40}},{"start":{"line":22,"column":44},"end":{"line":22,"column":67}}]}},"s":{"0":1,"1":10,"2":10,"3":10,"4":10,"5":10,"6":10,"7":10,"8":10,"9":10,"10":1},"f":{"0":10},"b":{"0":[10,0],"1":[10,0],"2":[10,0],"3":[10,0],"4":[10,0],"5":[10,0],"6":[10,10,0]}}
,"/Users/fleetstudiotechnologies/Desktop/SVGPlayground/codes/fleetstudio-pattern-lib/src/patterns/dashedPlus.ts": {"path":"/Users/fleetstudiotechnologies/Desktop/SVGPlayground/codes/fleetstudio-pattern-lib/src/patterns/dashedPlus.ts","statementMap":{"0":{"start":{"line":4,"column":26},"end":{"line":29,"column":1}},"1":{"start":{"line":5,"column":2},"end":{"line":5,"column":17}},"2":{"start":{"line":5,"column":17},"end":{"line":5,"column":null}},"3":{"start":{"line":6,"column":2},"end":{"line":6,"column":14}},"4":{"start":{"line":6,"column":14},"end":{"line":6,"column":null}},"5":{"start":{"line":7,"column":2},"end":{"line":7,"column":7}},"6":{"start":{"line":7,"column":7},"end":{"line":7,"column":null}},"7":{"start":{"line":8,"column":2},"end":{"line":8,"column":8}},"8":{"start":{"line":8,"column":8},"end":{"line":8,"column":null}},"9":{"start":{"line":10,"column":2},"end":{"line":28,"column":16}},"10":{"start":{"line":4,"column":13},"end":{"line":4,"column":26}}},"fnMap":{"0":{"name":"(anonymous_0)","decl":{"start":{"line":4,"column":26},"end":{"line":4,"column":27}},"loc":{"start":{"line":9,"column":35},"end":{"line":29,"column":1}}}},"branchMap":{"0":{"loc":{"start":{"line":5,"column":17},"end":{"line":5,"column":null}},"type":"cond-expr","locations":[{"start":{"line":5,"column":20},"end":{"line":5,"column":44}},{"start":{"line":5,"column":44},"end":{"line":5,"column":null}}]},"1":{"loc":{"start":{"line":6,"column":14},"end":{"line":6,"column":null}},"type":"cond-expr","locations":[{"start":{"line":6,"column":17},"end":{"line":6,"column":42}},{"start":{"line":6,"column":42},"end":{"line":6,"column":null}}]},"2":{"loc":{"start":{"line":7,"column":7},"end":{"line":7,"column":null}},"type":"cond-expr","locations":[{"start":{"line":7,"column":10},"end":{"line":7,"column":13}},{"start":{"line":7,"column":13},"end":{"line":7,"column":null}}]},"3":{"loc":{"start":{"line":8,"column":8},"end":{"line":8,"column":null}},"type":"cond-expr","locations":[{"start":{"line":8,"column":11},"end":{"line":8,"column":14}},{"start":{"line":8,"column":14},"end":{"line":8,"column":null}}]},"4":{"loc":{"start":{"line":20,"column":6},"end":{"line":20,"column":48}},"type":"binary-expr","locations":[{"start":{"line":20,"column":6},"end":{"line":20,"column":21}},{"start":{"line":20,"column":25},"end":{"line":20,"column":48}}]},"5":{"loc":{"start":{"line":23,"column":6},"end":{"line":23,"column":53}},"type":"binary-expr","locations":[{"start":{"line":23,"column":6},"end":{"line":23,"column":21}},{"start":{"line":23,"column":25},"end":{"line":23,"column":40}},{"start":{"line":23,"column":44},"end":{"line":23,"column":53}}]},"6":{"loc":{"start":{"line":26,"column":6},"end":{"line":26,"column":72}},"type":"binary-expr","locations":[{"start":{"line":26,"column":6},"end":{"line":26,"column":21}},{"start":{"line":26,"column":25},"end":{"line":26,"column":40}},{"start":{"line":26,"column":44},"end":{"line":26,"column":59}},{"start":{"line":26,"column":63},"end":{"line":26,"column":72}}]}},"s":{"0":1,"1":1,"2":1,"3":1,"4":1,"5":1,"6":1,"7":1,"8":1,"9":1,"10":1},"f":{"0":1},"b":{"0":[1,0],"1":[1,0],"2":[1,0],"3":[1,0],"4":[1,0],"5":[1,1,0],"6":[1,1,1,0]}}
,"/Users/fleetstudiotechnologies/Desktop/SVGPlayground/codes/fleetstudio-pattern-lib/src/patterns/dashes.ts": {"path":"/Users/fleetstudiotechnologies/Desktop/SVGPlayground/codes/fleetstudio-pattern-lib/src/patterns/dashes.ts","statementMap":{"0":{"start":{"line":3,"column":22},"end":{"line":22,"column":1}},"1":{"start":{"line":4,"column":2},"end":{"line":4,"column":17}},"2":{"start":{"line":4,"column":17},"end":{"line":4,"column":null}},"3":{"start":{"line":5,"column":2},"end":{"line":5,"column":14}},"4":{"start":{"line":5,"column":14},"end":{"line":5,"column":null}},"5":{"start":{"line":6,"column":2},"end":{"line":6,"column":8}},"6":{"start":{"line":6,"column":8},"end":{"line":6,"column":null}},"7":{"start":{"line":7,"column":2},"end":{"line":7,"column":7}},"8":{"start":{"line":7,"column":7},"end":{"line":7,"column":null}},"9":{"start":{"line":9,"column":2},"end":{"line":21,"column":14}},"10":{"start":{"line":3,"column":13},"end":{"line":3,"column":22}}},"fnMap":{"0":{"name":"(anonymous_0)","decl":{"start":{"line":3,"column":22},"end":{"line":3,"column":23}},"loc":{"start":{"line":8,"column":35},"end":{"line":22,"column":1}}}},"branchMap":{"0":{"loc":{"start":{"line":4,"column":17},"end":{"line":4,"column":null}},"type":"cond-expr","locations":[{"start":{"line":4,"column":20},"end":{"line":4,"column":44}},{"start":{"line":4,"column":44},"end":{"line":4,"column":null}}]},"1":{"loc":{"start":{"line":5,"column":14},"end":{"line":5,"column":null}},"type":"cond-expr","locations":[{"start":{"line":5,"column":17},"end":{"line":5,"column":42}},{"start":{"line":5,"column":42},"end":{"line":5,"column":null}}]},"2":{"loc":{"start":{"line":6,"column":8},"end":{"line":6,"column":null}},"type":"cond-expr","locations":[{"start":{"line":6,"column":11},"end":{"line":6,"column":16}},{"start":{"line":6,"column":16},"end":{"line":6,"column":null}}]},"3":{"loc":{"start":{"line":7,"column":7},"end":{"line":7,"column":null}},"type":"cond-expr","locations":[{"start":{"line":7,"column":10},"end":{"line":7,"column":13}},{"start":{"line":7,"column":13},"end":{"line":7,"column":null}}]},"4":{"loc":{"start":{"line":19,"column":6},"end":{"line":19,"column":48}},"type":"binary-expr","locations":[{"start":{"line":19,"column":6},"end":{"line":19,"column":21}},{"start":{"line":19,"column":25},"end":{"line":19,"column":48}}]}},"s":{"0":1,"1":1,"2":1,"3":1,"4":1,"5":1,"6":1,"7":1,"8":1,"9":1,"10":1},"f":{"0":1},"b":{"0":[1,0],"1":[1,0],"2":[1,0],"3":[1,0],"4":[1,0]}}
,"/Users/fleetstudiotechnologies/Desktop/SVGPlayground/codes/fleetstudio-pattern-lib/src/patterns/dotted.ts": {"path":"/Users/fleetstudiotechnologies/Desktop/SVGPlayground/codes/fleetstudio-pattern-lib/src/patterns/dotted.ts","statementMap":{"0":{"start":{"line":3,"column":22},"end":{"line":25,"column":1}},"1":{"start":{"line":4,"column":2},"end":{"line":4,"column":17}},"2":{"start":{"line":4,"column":17},"end":{"line":4,"column":null}},"3":{"start":{"line":5,"column":2},"end":{"line":5,"column":14}},"4":{"start":{"line":5,"column":14},"end":{"line":5,"column":null}},"5":{"start":{"line":6,"column":2},"end":{"line":6,"column":8}},"6":{"start":{"line":6,"column":8},"end":{"line":6,"column":null}},"7":{"start":{"line":7,"column":2},"end":{"line":7,"column":7}},"8":{"start":{"line":7,"column":7},"end":{"line":7,"column":null}},"9":{"start":{"line":9,"column":2},"end":{"line":24,"column":14}},"10":{"start":{"line":3,"column":13},"end":{"line":3,"column":22}}},"fnMap":{"0":{"name":"(anonymous_0)","decl":{"start":{"line":3,"column":22},"end":{"line":3,"column":23}},"loc":{"start":{"line":8,"column":35},"end":{"line":25,"column":1}}}},"branchMap":{"0":{"loc":{"start":{"line":4,"column":17},"end":{"line":4,"column":null}},"type":"cond-expr","locations":[{"start":{"line":4,"column":20},"end":{"line":4,"column":44}},{"start":{"line":4,"column":44},"end":{"line":4,"column":null}}]},"1":{"loc":{"start":{"line":5,"column":14},"end":{"line":5,"column":null}},"type":"cond-expr","locations":[{"start":{"line":5,"column":17},"end":{"line":5,"column":42}},{"start":{"line":5,"column":42},"end":{"line":5,"column":null}}]},"2":{"loc":{"start":{"line":6,"column":8},"end":{"line":6,"column":null}},"type":"cond-expr","locations":[{"start":{"line":6,"column":11},"end":{"line":6,"column":14}},{"start":{"line":6,"column":14},"end":{"line":6,"column":null}}]},"3":{"loc":{"start":{"line":7,"column":7},"end":{"line":7,"column":null}},"type":"cond-expr","locations":[{"start":{"line":7,"column":10},"end":{"line":7,"column":13}},{"start":{"line":7,"column":13},"end":{"line":7,"column":null}}]},"4":{"loc":{"start":{"line":16,"column":6},"end":{"line":16,"column":49}},"type":"binary-expr","locations":[{"start":{"line":16,"column":6},"end":{"line":16,"column":21}},{"start":{"line":16,"column":25},"end":{"line":16,"column":49}}]},"5":{"loc":{"start":{"line":20,"column":33},"end":{"line":20,"column":75}},"type":"binary-expr","locations":[{"start":{"line":20,"column":33},"end":{"line":20,"column":48}},{"start":{"line":20,"column":52},"end":{"line":20,"column":75}}]},"6":{"loc":{"start":{"line":22,"column":6},"end":{"line":22,"column":46}},"type":"binary-expr","locations":[{"start":{"line":22,"column":6},"end":{"line":22,"column":21}},{"start":{"line":22,"column":25},"end":{"line":22,"column":46}}]}},"s":{"0":1,"1":1,"2":1,"3":1,"4":1,"5":1,"6":1,"7":1,"8":1,"9":1,"10":1},"f":{"0":1},"b":{"0":[1,0],"1":[1,0],"2":[1,0],"3":[1,0],"4":[1,0],"5":[1,0],"6":[1,1]}}
,"/Users/fleetstudiotechnologies/Desktop/SVGPlayground/codes/fleetstudio-pattern-lib/src/patterns/index.ts": {"path":"/Users/fleetstudiotechnologies/Desktop/SVGPlayground/codes/fleetstudio-pattern-lib/src/patterns/index.ts","statementMap":{"0":{"start":{"line":1,"column":0},"end":{"line":1,"column":9}},"1":{"start":{"line":12,"column":2},"end":{"line":1,"column":34}},"2":{"start":{"line":2,"column":0},"end":{"line":2,"column":9}},"3":{"start":{"line":13,"column":2},"end":{"line":2,"column":42}},"4":{"start":{"line":3,"column":0},"end":{"line":3,"column":9}},"5":{"start":{"line":14,"column":2},"end":{"line":3,"column":34}},"6":{"start":{"line":4,"column":0},"end":{"line":4,"column":9}},"7":{"start":{"line":15,"column":2},"end":{"line":4,"column":34}},"8":{"start":{"line":5,"column":0},"end":{"line":5,"column":9}},"9":{"start":{"line":16,"column":2},"end":{"line":5,"column":32}},"10":{"start":{"line":6,"column":0},"end":{"line":6,"column":9}},"11":{"start":{"line":17,"column":2},"end":{"line":6,"column":28}},"12":{"start":{"line":7,"column":0},"end":{"line":7,"column":9}},"13":{"start":{"line":18,"column":2},"end":{"line":7,"column":40}},"14":{"start":{"line":8,"column":0},"end":{"line":8,"column":9}},"15":{"start":{"line":19,"column":2},"end":{"line":8,"column":42}},"16":{"start":{"line":9,"column":0},"end":{"line":9,"column":9}},"17":{"start":{"line":20,"column":2},"end":{"line":9,"column":34}}},"fnMap":{"0":{"name":"(anonymous_0)","decl":{"start":{"line":12,"column":2},"end":{"line":12,"column":8}},"loc":{"start":{"line":12,"column":2},"end":{"line":1,"column":34}}},"1":{"name":"(anonymous_1)","decl":{"start":{"line":13,"column":2},"end":{"line":13,"column":12}},"loc":{"start":{"line":13,"column":2},"end":{"line":2,"column":42}}},"2":{"name":"(anonymous_2)","decl":{"start":{"line":14,"column":2},"end":{"line":14,"column":8}},"loc":{"start":{"line":14,"column":2},"end":{"line":3,"column":34}}},"3":{"name":"(anonymous_3)","decl":{"start":{"line":15,"column":2},"end":{"line":15,"column":8}},"loc":{"start":{"line":15,"column":2},"end":{"line":4,"column":34}}},"4":{"name":"(anonymous_4)","decl":{"start":{"line":16,"column":2},"end":{"line":16,"column":7}},"loc":{"start":{"line":16,"column":2},"end":{"line":5,"column":32}}},"5":{"name":"(anonymous_5)","decl":{"start":{"line":17,"column":2},"end":{"line":17,"column":5}},"loc":{"start":{"line":17,"column":2},"end":{"line":6,"column":28}}},"6":{"name":"(anonymous_6)","decl":{"start":{"line":18,"column":2},"end":{"line":18,"column":11}},"loc":{"start":{"line":18,"column":2},"end":{"line":7,"column":40}}},"7":{"name":"(anonymous_7)","decl":{"start":{"line":19,"column":2},"end":{"line":19,"column":12}},"loc":{"start":{"line":19,"column":2},"end":{"line":8,"column":42}}},"8":{"name":"(anonymous_8)","decl":{"start":{"line":20,"column":2},"end":{"line":20,"column":8}},"loc":{"start":{"line":20,"column":2},"end":{"line":9,"column":34}}}},"branchMap":{},"s":{"0":1,"1":3,"2":1,"3":3,"4":1,"5":3,"6":1,"7":3,"8":1,"9":3,"10":1,"11":3,"12":1,"13":3,"14":1,"15":3,"16":1,"17":3},"f":{"0":2,"1":2,"2":2,"3":2,"4":2,"5":2,"6":2,"7":2,"8":2},"b":{}}
,"/Users/fleetstudiotechnologies/Desktop/SVGPlayground/codes/fleetstudio-pattern-lib/src/patterns/lines.ts": {"path":"/Users/fleetstudiotechnologies/Desktop/SVGPlayground/codes/fleetstudio-pattern-lib/src/patterns/lines.ts","statementMap":{"0":{"start":{"line":3,"column":21},"end":{"line":39,"column":1}},"1":{"start":{"line":4,"column":2},"end":{"line":4,"column":17}},"2":{"start":{"line":4,"column":17},"end":{"line":4,"column":null}},"3":{"start":{"line":5,"column":2},"end":{"line":5,"column":14}},"4":{"start":{"line":5,"column":14},"end":{"line":5,"column":null}},"5":{"start":{"line":6,"column":2},"end":{"line":6,"column":8}},"6":{"start":{"line":6,"column":8},"end":{"line":6,"column":null}},"7":{"start":{"line":7,"column":2},"end":{"line":7,"column":7}},"8":{"start":{"line":7,"column":7},"end":{"line":7,"column":null}},"9":{"start":{"line":9,"column":2},"end":{"line":38,"column":14}},"10":{"start":{"line":3,"column":13},"end":{"line":3,"column":21}}},"fnMap":{"0":{"name":"(anonymous_0)","decl":{"start":{"line":3,"column":21},"end":{"line":3,"column":22}},"loc":{"start":{"line":8,"column":35},"end":{"line":39,"column":1}}}},"branchMap":{"0":{"loc":{"start":{"line":4,"column":17},"end":{"line":4,"column":null}},"type":"cond-expr","locations":[{"start":{"line":4,"column":20},"end":{"line":4,"column":44}},{"start":{"line":4,"column":44},"end":{"line":4,"column":null}}]},"1":{"loc":{"start":{"line":5,"column":14},"end":{"line":5,"column":null}},"type":"cond-expr","locations":[{"start":{"line":5,"column":17},"end":{"line":5,"column":43}},{"start":{"line":5,"column":43},"end":{"line":5,"column":null}}]},"2":{"loc":{"start":{"line":6,"column":8},"end":{"line":6,"column":null}},"type":"cond-expr","locations":[{"start":{"line":6,"column":11},"end":{"line":6,"column":15}},{"start":{"line":6,"column":15},"end":{"line":6,"column":null}}]},"3":{"loc":{"start":{"line":7,"column":7},"end":{"line":7,"column":null}},"type":"cond-expr","locations":[{"start":{"line":7,"column":10},"end":{"line":7,"column":13}},{"start":{"line":7,"column":13},"end":{"line":7,"column":null}}]},"4":{"loc":{"start":{"line":17,"column":6},"end":{"line":17,"column":49}},"type":"binary-expr","locations":[{"start":{"line":17,"column":6},"end":{"line":17,"column":21}},{"start":{"line":17,"column":25},"end":{"line":17,"column":49}}]},"5":{"loc":{"start":{"line":20,"column":6},"end":{"line":20,"column":49}},"type":"binary-expr","locations":[{"start":{"line":20,"column":6},"end":{"line":20,"column":21}},{"start":{"line":20,"column":25},"end":{"line":20,"column":49}}]},"6":{"loc":{"start":{"line":23,"column":6},"end":{"line":23,"column":68}},"type":"binary-expr","locations":[{"start":{"line":23,"column":6},"end":{"line":23,"column":21}},{"start":{"line":23,"column":25},"end":{"line":23,"column":40}},{"start":{"line":23,"column":44},"end":{"line":23,"column":68}}]},"7":{"loc":{"start":{"line":26,"column":6},"end":{"line":29,"column":30}},"type":"binary-expr","locations":[{"start":{"line":26,"column":6},"end":{"line":26,"column":21}},{"start":{"line":27,"column":6},"end":{"line":27,"column":21}},{"start":{"line":28,"column":6},"end":{"line":28,"column":21}},{"start":{"line":29,"column":6},"end":{"line":29,"column":30}}]},"8":{"loc":{"start":{"line":32,"column":6},"end":{"line":36,"column":30}},"type":"binary-expr","locations":[{"start":{"line":32,"column":6},"end":{"line":32,"column":21}},{"start":{"line":33,"column":6},"end":{"line":33,"column":21}},{"start":{"line":34,"column":6},"end":{"line":34,"column":21}},{"start":{"line":35,"column":6},"end":{"line":35,"column":21}},{"start":{"line":36,"column":6},"end":{"line":36,"column":30}}]}},"s":{"0":1,"1":1,"2":1,"3":1,"4":1,"5":1,"6":1,"7":1,"8":1,"9":1,"10":1},"f":{"0":1},"b":{"0":[1,0],"1":[1,0],"2":[1,0],"3":[1,0],"4":[1,0],"5":[1,0],"6":[1,1,0],"7":[1,1,1,0],"8":[1,1,1,1,0]}}
,"/Users/fleetstudiotechnologies/Desktop/SVGPlayground/codes/fleetstudio-pattern-lib/src/patterns/sea.ts": {"path":"/Users/fleetstudiotechnologies/Desktop/SVGPlayground/codes/fleetstudio-pattern-lib/src/patterns/sea.ts","statementMap":{"0":{"start":{"line":3,"column":19},"end":{"line":22,"column":1}},"1":{"start":{"line":4,"column":2},"end":{"line":4,"column":17}},"2":{"start":{"line":4,"column":17},"end":{"line":4,"column":null}},"3":{"start":{"line":5,"column":2},"end":{"line":5,"column":14}},"4":{"start":{"line":5,"column":14},"end":{"line":5,"column":null}},"5":{"start":{"line":6,"column":2},"end":{"line":6,"column":8}},"6":{"start":{"line":6,"column":8},"end":{"line":6,"column":null}},"7":{"start":{"line":7,"column":2},"end":{"line":7,"column":7}},"8":{"start":{"line":7,"column":7},"end":{"line":7,"column":null}},"9":{"start":{"line":9,"column":2},"end":{"line":21,"column":14}},"10":{"start":{"line":3,"column":13},"end":{"line":3,"column":19}}},"fnMap":{"0":{"name":"(anonymous_0)","decl":{"start":{"line":3,"column":19},"end":{"line":3,"column":20}},"loc":{"start":{"line":8,"column":35},"end":{"line":22,"column":1}}}},"branchMap":{"0":{"loc":{"start":{"line":4,"column":17},"end":{"line":4,"column":null}},"type":"cond-expr","locations":[{"start":{"line":4,"column":20},"end":{"line":4,"column":45}},{"start":{"line":4,"column":45},"end":{"line":4,"column":null}}]},"1":{"loc":{"start":{"line":5,"column":14},"end":{"line":5,"column":null}},"type":"cond-expr","locations":[{"start":{"line":5,"column":17},"end":{"line":5,"column":43}},{"start":{"line":5,"column":43},"end":{"line":5,"column":null}}]},"2":{"loc":{"start":{"line":6,"column":8},"end":{"line":6,"column":null}},"type":"cond-expr","locations":[{"start":{"line":6,"column":11},"end":{"line":6,"column":14}},{"start":{"line":6,"column":14},"end":{"line":6,"column":null}}]},"3":{"loc":{"start":{"line":7,"column":7},"end":{"line":7,"column":null}},"type":"cond-expr","locations":[{"start":{"line":7,"column":10},"end":{"line":7,"column":13}},{"start":{"line":7,"column":13},"end":{"line":7,"column":null}}]},"4":{"loc":{"start":{"line":17,"column":6},"end":{"line":17,"column":50}},"type":"binary-expr","locations":[{"start":{"line":17,"column":6},"end":{"line":17,"column":21}},{"start":{"line":17,"column":25},"end":{"line":17,"column":50}}]},"5":{"loc":{"start":{"line":20,"column":16},"end":{"line":20,"column":59}},"type":"binary-expr","locations":[{"start":{"line":20,"column":16},"end":{"line":20,"column":31}},{"start":{"line":20,"column":35},"end":{"line":20,"column":59}}]}},"s":{"0":1,"1":1,"2":1,"3":1,"4":1,"5":1,"6":1,"7":1,"8":1,"9":1,"10":1},"f":{"0":1},"b":{"0":[1,0],"1":[1,0],"2":[1,0],"3":[1,0],"4":[1,0],"5":[1,0]}}
,"/Users/fleetstudiotechnologies/Desktop/SVGPlayground/codes/fleetstudio-pattern-lib/src/patterns/signWaves.ts": {"path":"/Users/fleetstudiotechnologies/Desktop/SVGPlayground/codes/fleetstudio-pattern-lib/src/patterns/signWaves.ts","statementMap":{"0":{"start":{"line":3,"column":25},"end":{"line":25,"column":1}},"1":{"start":{"line":4,"column":2},"end":{"line":4,"column":17}},"2":{"start":{"line":4,"column":17},"end":{"line":4,"column":null}},"3":{"start":{"line":5,"column":2},"end":{"line":5,"column":14}},"4":{"start":{"line":5,"column":14},"end":{"line":5,"column":null}},"5":{"start":{"line":6,"column":2},"end":{"line":6,"column":8}},"6":{"start":{"line":6,"column":8},"end":{"line":6,"column":null}},"7":{"start":{"line":7,"column":2},"end":{"line":7,"column":7}},"8":{"start":{"line":7,"column":7},"end":{"line":7,"column":null}},"9":{"start":{"line":9,"column":2},"end":{"line":24,"column":4}},"10":{"start":{"line":3,"column":13},"end":{"line":3,"column":25}}},"fnMap":{"0":{"name":"(anonymous_0)","decl":{"start":{"line":3,"column":25},"end":{"line":3,"column":26}},"loc":{"start":{"line":8,"column":35},"end":{"line":25,"column":1}}}},"branchMap":{"0":{"loc":{"start":{"line":4,"column":17},"end":{"line":4,"column":null}},"type":"cond-expr","locations":[{"start":{"line":4,"column":20},"end":{"line":4,"column":44}},{"start":{"line":4,"column":44},"end":{"line":4,"column":null}}]},"1":{"loc":{"start":{"line":5,"column":14},"end":{"line":5,"column":null}},"type":"cond-expr","locations":[{"start":{"line":5,"column":17},"end":{"line":5,"column":43}},{"start":{"line":5,"column":43},"end":{"line":5,"column":null}}]},"2":{"loc":{"start":{"line":6,"column":8},"end":{"line":6,"column":null}},"type":"cond-expr","locations":[{"start":{"line":6,"column":11},"end":{"line":6,"column":15}},{"start":{"line":6,"column":15},"end":{"line":6,"column":null}}]},"3":{"loc":{"start":{"line":7,"column":7},"end":{"line":7,"column":null}},"type":"cond-expr","locations":[{"start":{"line":7,"column":10},"end":{"line":7,"column":13}},{"start":{"line":7,"column":13},"end":{"line":7,"column":null}}]},"4":{"loc":{"start":{"line":16,"column":4},"end":{"line":16,"column":47}},"type":"binary-expr","locations":[{"start":{"line":16,"column":4},"end":{"line":16,"column":19}},{"start":{"line":16,"column":23},"end":{"line":16,"column":47}}]},"5":{"loc":{"start":{"line":21,"column":8},"end":{"line":21,"column":51}},"type":"binary-expr","locations":[{"start":{"line":21,"column":8},"end":{"line":21,"column":23}},{"start":{"line":21,"column":27},"end":{"line":21,"column":51}}]}},"s":{"0":1,"1":1,"2":1,"3":1,"4":1,"5":1,"6":1,"7":1,"8":1,"9":1,"10":1},"f":{"0":1},"b":{"0":[1,0],"1":[1,0],"2":[1,0],"3":[1,0],"4":[1,0],"5":[1,0]}}
,"/Users/fleetstudiotechnologies/Desktop/SVGPlayground/codes/fleetstudio-pattern-lib/src/patterns/threeLines.ts": {"path":"/Users/fleetstudiotechnologies/Desktop/SVGPlayground/codes/fleetstudio-pattern-lib/src/patterns/threeLines.ts","statementMap":{"0":{"start":{"line":3,"column":26},"end":{"line":31,"column":1}},"1":{"start":{"line":4,"column":2},"end":{"line":4,"column":17}},"2":{"start":{"line":4,"column":17},"end":{"line":4,"column":null}},"3":{"start":{"line":5,"column":2},"end":{"line":5,"column":14}},"4":{"start":{"line":5,"column":14},"end":{"line":5,"column":null}},"5":{"start":{"line":6,"column":2},"end":{"line":6,"column":8}},"6":{"start":{"line":6,"column":8},"end":{"line":6,"column":null}},"7":{"start":{"line":7,"column":2},"end":{"line":7,"column":7}},"8":{"start":{"line":7,"column":7},"end":{"line":7,"column":null}},"9":{"start":{"line":9,"column":2},"end":{"line":30,"column":4}},"10":{"start":{"line":3,"column":13},"end":{"line":3,"column":26}}},"fnMap":{"0":{"name":"(anonymous_0)","decl":{"start":{"line":3,"column":26},"end":{"line":3,"column":27}},"loc":{"start":{"line":8,"column":35},"end":{"line":31,"column":1}}}},"branchMap":{"0":{"loc":{"start":{"line":4,"column":17},"end":{"line":4,"column":null}},"type":"cond-expr","locations":[{"start":{"line":4,"column":20},"end":{"line":4,"column":45}},{"start":{"line":4,"column":45},"end":{"line":4,"column":null}}]},"1":{"loc":{"start":{"line":5,"column":14},"end":{"line":5,"column":null}},"type":"cond-expr","locations":[{"start":{"line":5,"column":17},"end":{"line":5,"column":43}},{"start":{"line":5,"column":43},"end":{"line":5,"column":null}}]},"2":{"loc":{"start":{"line":6,"column":8},"end":{"line":6,"column":null}},"type":"cond-expr","locations":[{"start":{"line":6,"column":11},"end":{"line":6,"column":15}},{"start":{"line":6,"column":15},"end":{"line":6,"column":null}}]},"3":{"loc":{"start":{"line":7,"column":7},"end":{"line":7,"column":null}},"type":"cond-expr","locations":[{"start":{"line":7,"column":10},"end":{"line":7,"column":13}},{"start":{"line":7,"column":13},"end":{"line":7,"column":null}}]},"4":{"loc":{"start":{"line":17,"column":4},"end":{"line":17,"column":47}},"type":"binary-expr","locations":[{"start":{"line":17,"column":4},"end":{"line":17,"column":19}},{"start":{"line":17,"column":23},"end":{"line":17,"column":47}}]},"5":{"loc":{"start":{"line":22,"column":8},"end":{"line":22,"column":51}},"type":"binary-expr","locations":[{"start":{"line":22,"column":8},"end":{"line":22,"column":23}},{"start":{"line":22,"column":27},"end":{"line":22,"column":51}}]},"6":{"loc":{"start":{"line":27,"column":8},"end":{"line":27,"column":70}},"type":"binary-expr","locations":[{"start":{"line":27,"column":8},"end":{"line":27,"column":23}},{"start":{"line":27,"column":27},"end":{"line":27,"column":42}},{"start":{"line":27,"column":46},"end":{"line":27,"column":70}}]}},"s":{"0":1,"1":1,"2":1,"3":1,"4":1,"5":1,"6":1,"7":1,"8":1,"9":1,"10":1},"f":{"0":1},"b":{"0":[1,0],"1":[1,0],"2":[1,0],"3":[1,0],"4":[1,0],"5":[1,0],"6":[1,1,0]}}
,"/Users/fleetstudiotechnologies/Desktop/SVGPlayground/codes/fleetstudio-pattern-lib/src/patterns/zigzag.ts": {"path":"/Users/fleetstudiotechnologies/Desktop/SVGPlayground/codes/fleetstudio-pattern-lib/src/patterns/zigzag.ts","statementMap":{"0":{"start":{"line":3,"column":22},"end":{"line":26,"column":1}},"1":{"start":{"line":4,"column":2},"end":{"line":4,"column":17}},"2":{"start":{"line":4,"column":17},"end":{"line":4,"column":null}},"3":{"start":{"line":5,"column":2},"end":{"line":5,"column":14}},"4":{"start":{"line":5,"column":14},"end":{"line":5,"column":null}},"5":{"start":{"line":6,"column":2},"end":{"line":6,"column":8}},"6":{"start":{"line":6,"column":8},"end":{"line":6,"column":null}},"7":{"start":{"line":7,"column":2},"end":{"line":7,"column":7}},"8":{"start":{"line":7,"column":7},"end":{"line":7,"column":null}},"9":{"start":{"line":9,"column":2},"end":{"line":25,"column":14}},"10":{"start":{"line":3,"column":13},"end":{"line":3,"column":22}}},"fnMap":{"0":{"name":"(anonymous_0)","decl":{"start":{"line":3,"column":22},"end":{"line":3,"column":23}},"loc":{"start":{"line":8,"column":35},"end":{"line":26,"column":1}}}},"branchMap":{"0":{"loc":{"start":{"line":4,"column":17},"end":{"line":4,"column":null}},"type":"cond-expr","locations":[{"start":{"line":4,"column":20},"end":{"line":4,"column":44}},{"start":{"line":4,"column":44},"end":{"line":4,"column":null}}]},"1":{"loc":{"start":{"line":5,"column":14},"end":{"line":5,"column":null}},"type":"cond-expr","locations":[{"start":{"line":5,"column":17},"end":{"line":5,"column":43}},{"start":{"line":5,"column":43},"end":{"line":5,"column":null}}]},"2":{"loc":{"start":{"line":6,"column":8},"end":{"line":6,"column":null}},"type":"cond-expr","locations":[{"start":{"line":6,"column":11},"end":{"line":6,"column":15}},{"start":{"line":6,"column":15},"end":{"line":6,"column":null}}]},"3":{"loc":{"start":{"line":7,"column":7},"end":{"line":7,"column":null}},"type":"cond-expr","locations":[{"start":{"line":7,"column":10},"end":{"line":7,"column":13}},{"start":{"line":7,"column":13},"end":{"line":7,"column":null}}]},"4":{"loc":{"start":{"line":17,"column":6},"end":{"line":17,"column":49}},"type":"binary-expr","locations":[{"start":{"line":17,"column":6},"end":{"line":17,"column":21}},{"start":{"line":17,"column":25},"end":{"line":17,"column":49}}]},"5":{"loc":{"start":{"line":22,"column":8},"end":{"line":22,"column":51}},"type":"binary-expr","locations":[{"start":{"line":22,"column":8},"end":{"line":22,"column":23}},{"start":{"line":22,"column":27},"end":{"line":22,"column":51}}]}},"s":{"0":1,"1":1,"2":1,"3":1,"4":1,"5":1,"6":1,"7":1,"8":1,"9":1,"10":1},"f":{"0":1},"b":{"0":[1,0],"1":[1,0],"2":[1,0],"3":[1,0],"4":[1,0],"5":[1,0]}}
}
