TN:
SF:src/pattern.ts
FN:43,(anonymous_1)
FN:49,Pattern
FN:59,(anonymous_3)
FN:70,(anonymous_4)
FN:74,(anonymous_5)
FN:89,(anonymous_6)
FN:102,(anonymous_7)
FN:116,(anonymous_8)
FN:120,(anonymous_9)
FN:124,(anonymous_10)
FN:144,(anonymous_11)
FN:148,(anonymous_12)
FNF:12
FNH:9
FNDA:1,(anonymous_1)
FNDA:9,Pattern
FNDA:9,(anonymous_3)
FNDA:9,(anonymous_4)
FNDA:9,(anonymous_5)
FNDA:18,(anonymous_6)
FNDA:18,(anonymous_7)
FNDA:9,(anonymous_8)
FNDA:9,(anonymous_9)
FNDA:0,(anonymous_10)
FNDA:0,(anonymous_11)
FNDA:0,(anonymous_12)
DA:1,1
DA:3,1
DA:4,1
DA:5,1
DA:23,1
DA:27,1
DA:43,1
DA:50,9
DA:51,9
DA:52,9
DA:53,9
DA:54,9
DA:56,9
DA:59,1
DA:60,9
DA:61,9
DA:70,1
DA:71,9
DA:74,1
DA:81,9
DA:86,9
DA:89,1
DA:90,18
DA:91,18
DA:92,18
DA:94,18
DA:102,1
DA:103,18
DA:113,18
DA:116,1
DA:117,9
DA:120,1
DA:121,9
DA:124,1
DA:125,0
DA:131,0
DA:134,0
DA:138,0
DA:141,0
DA:144,1
DA:145,0
DA:148,1
DA:149,0
DA:151,1
LF:44
LH:37
BRDA:51,0,0,9
BRDA:51,0,1,9
BRDA:51,1,0,0
BRDA:51,1,1,9
BRDA:51,2,0,9
BRDA:51,2,1,9
BRDA:52,3,0,9
BRDA:71,4,0,9
BRDA:71,4,1,9
BRDA:104,5,0,18
BRDA:104,5,1,18
BRDA:105,6,0,18
BRDA:105,6,1,18
BRDA:107,7,0,0
BRDA:107,7,1,18
BRDA:107,8,0,18
BRDA:107,8,1,18
BRDA:108,9,0,0
BRDA:108,9,1,18
BRDA:108,10,0,18
BRDA:108,10,1,18
BRDA:109,11,0,0
BRDA:109,11,1,18
BRDA:109,12,0,18
BRDA:109,12,1,18
BRDA:110,13,0,0
BRDA:110,13,1,18
BRDA:110,14,0,18
BRDA:110,14,1,18
BRDA:131,15,0,0
BRDA:131,15,1,0
BRDA:131,16,0,0
BRDA:131,16,1,0
BRF:33
BRH:24
end_of_record
TN:
SF:src/libs/sha1.ts
FN:29,create
FN:42,processBlock
FN:96,write
FN:110,updateString
FN:119,update
FN:130,toHex
FN:139,digest
FN:165,sha1
FNF:8
FNH:8
FNDA:9,create
FNDA:9,processBlock
FNDA:198,write
FNDA:9,updateString
FNDA:9,update
FNDA:45,toHex
FNDA:9,digest
FNDA:9,sha1
DA:30,9
DA:31,9
DA:32,9
DA:33,9
DA:34,9
DA:36,9
DA:37,9
DA:38,9
DA:39,9
DA:44,9
DA:45,576
DA:46,576
DA:52,9
DA:53,9
DA:54,9
DA:55,9
DA:56,9
DA:60,9
DA:61,720
DA:62,180
DA:63,180
DA:64,540
DA:65,180
DA:66,180
DA:67,360
DA:68,180
DA:69,180
DA:71,180
DA:72,180
DA:74,720
DA:75,720
DA:76,720
DA:77,720
DA:78,720
DA:79,720
DA:83,9
DA:84,9
DA:85,9
DA:86,9
DA:87,9
DA:90,9
DA:91,9
DA:92,144
DA:97,198
DA:98,198
DA:99,153
DA:101,45
DA:102,45
DA:105,198
DA:106,9
DA:111,9
DA:112,9
DA:113,9
DA:114,117
DA:120,9
DA:121,9
DA:123,0
DA:124,0
DA:125,0
DA:126,0
DA:131,45
DA:132,45
DA:133,360
DA:135,45
DA:141,9
DA:142,9
DA:143,0
DA:145,9
DA:146,9
DA:149,9
DA:150,9
DA:151,9
DA:152,9
DA:153,9
DA:154,36
DA:158,9
DA:161,9
DA:165,1
DA:166,9
DA:167,0
DA:169,9
DA:170,9
DA:171,9
LF:83
LH:77
BRDA:61,0,0,180
BRDA:61,0,1,540
BRDA:64,1,0,180
BRDA:64,1,1,360
BRDA:67,2,0,180
BRDA:67,2,1,180
BRDA:98,3,0,153
BRDA:98,3,1,45
BRDA:105,4,0,9
BRDA:120,5,0,9
BRDA:142,6,0,0
BRDA:142,7,0,9
BRDA:142,7,1,9
BRDA:142,7,2,0
BRDA:151,8,0,0
BRDA:151,8,1,9
BRDA:152,9,0,0
BRDA:152,9,1,9
BRDA:166,10,0,0
BRF:19
BRH:14
end_of_record
TN:
SF:src/patterns/dashed.ts
FN:3,(anonymous_0)
FNF:1
FNH:1
FNDA:10,(anonymous_0)
DA:3,1
DA:4,10
DA:5,10
DA:6,10
DA:7,10
DA:9,10
LF:6
LH:6
BRDA:4,0,0,10
BRDA:4,0,1,0
BRDA:5,1,0,10
BRDA:5,1,1,0
BRDA:6,2,0,10
BRDA:6,2,1,0
BRDA:7,3,0,10
BRDA:7,3,1,0
BRDA:16,4,0,10
BRDA:16,4,1,0
BRDA:19,5,0,10
BRDA:19,5,1,0
BRDA:22,6,0,10
BRDA:22,6,1,10
BRDA:22,6,2,0
BRF:15
BRH:8
end_of_record
TN:
SF:src/patterns/dashedPlus.ts
FN:4,(anonymous_0)
FNF:1
FNH:1
FNDA:1,(anonymous_0)
DA:4,1
DA:5,1
DA:6,1
DA:7,1
DA:8,1
DA:10,1
LF:6
LH:6
BRDA:5,0,0,1
BRDA:5,0,1,0
BRDA:6,1,0,1
BRDA:6,1,1,0
BRDA:7,2,0,1
BRDA:7,2,1,0
BRDA:8,3,0,1
BRDA:8,3,1,0
BRDA:20,4,0,1
BRDA:20,4,1,0
BRDA:23,5,0,1
BRDA:23,5,1,1
BRDA:23,5,2,0
BRDA:26,6,0,1
BRDA:26,6,1,1
BRDA:26,6,2,1
BRDA:26,6,3,0
BRF:17
BRH:10
end_of_record
TN:
SF:src/patterns/dashes.ts
FN:3,(anonymous_0)
FNF:1
FNH:1
FNDA:1,(anonymous_0)
DA:3,1
DA:4,1
DA:5,1
DA:6,1
DA:7,1
DA:9,1
LF:6
LH:6
BRDA:4,0,0,1
BRDA:4,0,1,0
BRDA:5,1,0,1
BRDA:5,1,1,0
BRDA:6,2,0,1
BRDA:6,2,1,0
BRDA:7,3,0,1
BRDA:7,3,1,0
BRDA:19,4,0,1
BRDA:19,4,1,0
BRF:10
BRH:5
end_of_record
TN:
SF:src/patterns/dotted.ts
FN:3,(anonymous_0)
FNF:1
FNH:1
FNDA:1,(anonymous_0)
DA:3,1
DA:4,1
DA:5,1
DA:6,1
DA:7,1
DA:9,1
LF:6
LH:6
BRDA:4,0,0,1
BRDA:4,0,1,0
BRDA:5,1,0,1
BRDA:5,1,1,0
BRDA:6,2,0,1
BRDA:6,2,1,0
BRDA:7,3,0,1
BRDA:7,3,1,0
BRDA:16,4,0,1
BRDA:16,4,1,0
BRDA:20,5,0,1
BRDA:20,5,1,0
BRDA:22,6,0,1
BRDA:22,6,1,1
BRF:14
BRH:8
end_of_record
TN:
SF:src/patterns/index.ts
FN:12,(anonymous_0)
FN:13,(anonymous_1)
FN:14,(anonymous_2)
FN:15,(anonymous_3)
FN:16,(anonymous_4)
FN:17,(anonymous_5)
FN:18,(anonymous_6)
FN:19,(anonymous_7)
FN:20,(anonymous_8)
FNF:9
FNH:9
FNDA:2,(anonymous_0)
FNDA:2,(anonymous_1)
FNDA:2,(anonymous_2)
FNDA:2,(anonymous_3)
FNDA:2,(anonymous_4)
FNDA:2,(anonymous_5)
FNDA:2,(anonymous_6)
FNDA:2,(anonymous_7)
FNDA:2,(anonymous_8)
DA:1,1
DA:2,1
DA:3,1
DA:4,1
DA:5,1
DA:6,1
DA:7,1
DA:8,1
DA:9,1
DA:12,3
DA:13,3
DA:14,3
DA:15,3
DA:16,3
DA:17,3
DA:18,3
DA:19,3
DA:20,3
LF:18
LH:18
BRF:0
BRH:0
end_of_record
TN:
SF:src/patterns/lines.ts
FN:3,(anonymous_0)
FNF:1
FNH:1
FNDA:1,(anonymous_0)
DA:3,1
DA:4,1
DA:5,1
DA:6,1
DA:7,1
DA:9,1
LF:6
LH:6
BRDA:4,0,0,1
BRDA:4,0,1,0
BRDA:5,1,0,1
BRDA:5,1,1,0
BRDA:6,2,0,1
BRDA:6,2,1,0
BRDA:7,3,0,1
BRDA:7,3,1,0
BRDA:17,4,0,1
BRDA:17,4,1,0
BRDA:20,5,0,1
BRDA:20,5,1,0
BRDA:23,6,0,1
BRDA:23,6,1,1
BRDA:23,6,2,0
BRDA:26,7,0,1
BRDA:26,7,1,1
BRDA:26,7,2,1
BRDA:26,7,3,0
BRDA:32,8,0,1
BRDA:32,8,1,1
BRDA:32,8,2,1
BRDA:32,8,3,1
BRDA:32,8,4,0
BRF:24
BRH:15
end_of_record
TN:
SF:src/patterns/sea.ts
FN:3,(anonymous_0)
FNF:1
FNH:1
FNDA:1,(anonymous_0)
DA:3,1
DA:4,1
DA:5,1
DA:6,1
DA:7,1
DA:9,1
LF:6
LH:6
BRDA:4,0,0,1
BRDA:4,0,1,0
BRDA:5,1,0,1
BRDA:5,1,1,0
BRDA:6,2,0,1
BRDA:6,2,1,0
BRDA:7,3,0,1
BRDA:7,3,1,0
BRDA:17,4,0,1
BRDA:17,4,1,0
BRDA:20,5,0,1
BRDA:20,5,1,0
BRF:12
BRH:6
end_of_record
TN:
SF:src/patterns/signWaves.ts
FN:3,(anonymous_0)
FNF:1
FNH:1
FNDA:1,(anonymous_0)
DA:3,1
DA:4,1
DA:5,1
DA:6,1
DA:7,1
DA:9,1
LF:6
LH:6
BRDA:4,0,0,1
BRDA:4,0,1,0
BRDA:5,1,0,1
BRDA:5,1,1,0
BRDA:6,2,0,1
BRDA:6,2,1,0
BRDA:7,3,0,1
BRDA:7,3,1,0
BRDA:16,4,0,1
BRDA:16,4,1,0
BRDA:21,5,0,1
BRDA:21,5,1,0
BRF:12
BRH:6
end_of_record
TN:
SF:src/patterns/threeLines.ts
FN:3,(anonymous_0)
FNF:1
FNH:1
FNDA:1,(anonymous_0)
DA:3,1
DA:4,1
DA:5,1
DA:6,1
DA:7,1
DA:9,1
LF:6
LH:6
BRDA:4,0,0,1
BRDA:4,0,1,0
BRDA:5,1,0,1
BRDA:5,1,1,0
BRDA:6,2,0,1
BRDA:6,2,1,0
BRDA:7,3,0,1
BRDA:7,3,1,0
BRDA:17,4,0,1
BRDA:17,4,1,0
BRDA:22,5,0,1
BRDA:22,5,1,0
BRDA:27,6,0,1
BRDA:27,6,1,1
BRDA:27,6,2,0
BRF:15
BRH:8
end_of_record
TN:
SF:src/patterns/zigzag.ts
FN:3,(anonymous_0)
FNF:1
FNH:1
FNDA:1,(anonymous_0)
DA:3,1
DA:4,1
DA:5,1
DA:6,1
DA:7,1
DA:9,1
LF:6
LH:6
BRDA:4,0,0,1
BRDA:4,0,1,0
BRDA:5,1,0,1
BRDA:5,1,1,0
BRDA:6,2,0,1
BRDA:6,2,1,0
BRDA:7,3,0,1
BRDA:7,3,1,0
BRDA:17,4,0,1
BRDA:17,4,1,0
BRDA:22,5,0,1
BRDA:22,5,1,0
BRF:12
BRH:6
end_of_record
